 
       ==============================================
       |                                            |
       |                 C R E S T                  |
       |                                            |
       |  Conformer-Rotamer Ensemble Sampling Tool  |
       |          based on the GFN methods          |
       |             P.Pracht, S.Grimme             |
       |          Universitaet Bonn, MCTC           |
       ==============================================
       Version 2.12,   Thu 19. Mai 16:32:32 CEST 2022
  Using the xTB program. Compatible with xTB version 6.4.0
 
   Cite work conducted with this code as

   • P.Pracht, F.Bohle, S.Grimme, PCCP, 2020, 22, 7169-7192.
   • S.Grimme, JCTC, 2019, 15, 2847-2862.

   and for works involving QCG as

   • S.Spicher, C.Plett, P.Pracht, A.Hansen, S.Grimme,
     JCTC, 2022, 18 (5), 3174-3189.
 
   with help from:
   C.Bannwarth, F.Bohle, S.Ehlert, S.Grimme,
   C.Plett, P.Pracht, S.Spicher
 
   This program is distributed in the hope that it will be useful,
   but WITHOUT ANY WARRANTY; without even the implied warranty of
   MERCHANTABILITY or FITNESS FOR A PARTICULAR PURPOSE.

 Command line input:
 > crest crest_best.xyz --cregen crest_conformers.xyz --ethr 0.1 --rthr 0.2 --bthr 0.3 --ewin 1

  --cregen : CREGEN standalone usage. Sorting file <crest_conformers.xyz>
  --ethr 0.1
  --rthr 0.2
  --bthr 0.3
  --ewin 1
 Using only the cregen sorting routine.
 input  file name : crest_conformers.xyz
 output file name : crest_conformers.xyz.sorted
 number of atoms                :   24
 number of points on xyz files  :   2
 RMSD threshold                 :   0.2000
 Bconst threshold               :   0.3000
 population threshold           :   0.0500
 conformer energy window  /kcal :   1.0000
 # fragment in coord            :     1
 # bonds in reference structure :    26
 number of reliable points      :     2
 reference state Etot :  -28.5524523300000     
 running RMSDs...
 done.
 number of doubles removed by rot/RMSD         :           0
 total number unique points considered further :           2
       Erel/kcal        Etot weight/tot  conformer     set   degen     origin
       1   0.000   -28.55245    0.50995    0.50995       1       1     
       2   0.024   -28.55241    0.49005    0.49005       2       1     
T /K                                  :   298.15
E lowest                              :   -28.55245
ensemble average energy (kcal)        :    0.012
ensemble entropy (J/mol K, cal/mol K) :    5.762    1.377
ensemble free energy (kcal/mol)       :   -0.411
population of lowest in %             :   50.995
 number of unique conformers for further calc            2
 list of relative energies saved as "crest.energies"
 
 -----------------
 Wall Time Summary
 -----------------
              CREGEN wall time :         0h : 0m : 0s
--------------------
Overall wall time  : 0h : 0m : 0s
 
 CREST terminated normally.
